  main.cpp
c:\program files (x86)\windows kits\10\include\10.0.16299.0\shared\minwindef.h(130): warning C4005: 'APIENTRY': macro redefinition
  c:\users\jacob a\desktop\uppdaterad anton\3dproject\include\glfw\glfw3.h(98): note: see previous definition of 'APIENTRY'
c:\users\jacob a\desktop\uppdaterad anton\3dproject\main.cpp(585): warning C4312: 'type cast': conversion from 'GLuint' to 'GLuint *' of greater size
  imgui_impl_glfw_gl3.cpp
  imgui_draw.cpp
  imgui_demo.cpp
  imgui.cpp
  GBuffer.cpp
  FBO.cpp
  Camera.cpp
c:\users\jacob a\desktop\uppdaterad anton\3dproject\camera.cpp(52): warning C4305: '-=': truncation from 'double' to 'float'
c:\users\jacob a\desktop\uppdaterad anton\3dproject\camera.cpp(54): warning C4305: '+=': truncation from 'double' to 'float'
c:\users\jacob a\desktop\uppdaterad anton\3dproject\camera.cpp(56): warning C4305: '-=': truncation from 'double' to 'float'
c:\users\jacob a\desktop\uppdaterad anton\3dproject\camera.cpp(58): warning C4305: '+=': truncation from 'double' to 'float'
c:\users\jacob a\desktop\uppdaterad anton\3dproject\camera.cpp(60): warning C4244: '=': conversion from 'double' to 'float', possible loss of data
c:\users\jacob a\desktop\uppdaterad anton\3dproject\camera.cpp(61): warning C4244: '=': conversion from 'double' to 'float', possible loss of data
  Generating Code...
LINK : warning LNK4098: defaultlib 'MSVCRT' conflicts with use of other libs; use /NODEFAULTLIB:library
  3Dproject.vcxproj -> C:\Users\Jacob A\Desktop\Uppdaterad Anton\x64\Debug\3Dproject.exe
